
---- Journal Bearing Problem SHB-----
mx: 10,  my: 16,  ecc: 0.1 

Value of Tao are gatol = 1.000000e-08, grtol =  1.000000e-08, gttol = 0.000000e+00  
  0 MPGP ||gp||=4.4575332946e-01,	||phi||=0.0000000000e+00,	||beta||=4.4575332946e-01
  1 MPGP ||gp||=2.7401564168e-01,	||phi||=2.5793945410e-01,	||beta||=9.2475996378e-02
  2 MPGP ||gp||=2.6406191397e-01,	||phi||=1.3903300099e-01,	||beta||=2.2449614484e-01
  3 MPGP ||gp||=1.5532861411e-01,	||phi||=1.5532861411e-01,	||beta||=0.0000000000e+00
  4 MPGP ||gp||=1.4018523868e-01,	||phi||=1.4018523868e-01,	||beta||=0.0000000000e+00
  5 MPGP ||gp||=1.2770148544e-01,	||phi||=1.2770148544e-01,	||beta||=0.0000000000e+00
  6 MPGP ||gp||=8.6225619262e-02,	||phi||=8.2946988115e-02,	||beta||=2.3551105702e-02
  7 MPGP ||gp||=6.8998107933e-02,	||phi||=5.6486390650e-02,	||beta||=3.9623560789e-02
  8 MPGP ||gp||=4.8301765094e-02,	||phi||=3.3307175895e-02,	||beta||=3.4981317087e-02
  9 MPGP ||gp||=3.1026918097e-02,	||phi||=3.1026918097e-02,	||beta||=0.0000000000e+00
 10 MPGP ||gp||=1.5061917952e-02,	||phi||=1.5061917952e-02,	||beta||=0.0000000000e+00
 11 MPGP ||gp||=1.1072793790e-02,	||phi||=1.1072793790e-02,	||beta||=0.0000000000e+00
 12 MPGP ||gp||=1.0486055231e-02,	||phi||=1.0486055231e-02,	||beta||=0.0000000000e+00
 13 MPGP ||gp||=7.0245882163e-03,	||phi||=7.0245882163e-03,	||beta||=0.0000000000e+00
 14 MPGP ||gp||=6.1720985910e-03,	||phi||=6.1720985910e-03,	||beta||=0.0000000000e+00
 15 MPGP ||gp||=4.9703488124e-03,	||phi||=4.9703488124e-03,	||beta||=0.0000000000e+00
 16 MPGP ||gp||=2.8194955631e-03,	||phi||=2.8194955631e-03,	||beta||=0.0000000000e+00
 17 MPGP ||gp||=1.7304497441e-03,	||phi||=1.7304497441e-03,	||beta||=0.0000000000e+00
 18 MPGP ||gp||=9.7065406981e-04,	||phi||=9.7065406981e-04,	||beta||=0.0000000000e+00
 19 MPGP ||gp||=6.2374005583e-04,	||phi||=6.2374005583e-04,	||beta||=0.0000000000e+00
 20 MPGP ||gp||=3.6979202273e-04,	||phi||=3.6979202273e-04,	||beta||=0.0000000000e+00
 21 MPGP ||gp||=2.4180419610e-04,	||phi||=2.4180419610e-04,	||beta||=0.0000000000e+00
 22 MPGP ||gp||=1.9308513855e-04,	||phi||=1.9308513855e-04,	||beta||=0.0000000000e+00
 23 MPGP ||gp||=1.3391801801e-04,	||phi||=1.3391801801e-04,	||beta||=0.0000000000e+00
 24 MPGP ||gp||=9.0926897382e-05,	||phi||=9.0926897382e-05,	||beta||=0.0000000000e+00
 25 MPGP ||gp||=5.9058584802e-05,	||phi||=5.9058584802e-05,	||beta||=0.0000000000e+00
 26 MPGP ||gp||=3.4628572342e-05,	||phi||=3.4628572342e-05,	||beta||=0.0000000000e+00
 27 MPGP ||gp||=1.6815201899e-05,	||phi||=1.6815201899e-05,	||beta||=0.0000000000e+00
 28 MPGP ||gp||=9.2810267764e-06,	||phi||=9.2810267764e-06,	||beta||=0.0000000000e+00
 29 MPGP ||gp||=5.6524630118e-06,	||phi||=5.6524630118e-06,	||beta||=0.0000000000e+00
 30 MPGP ||gp||=3.5093833777e-06,	||phi||=3.5093833777e-06,	||beta||=0.0000000000e+00
 31 MPGP ||gp||=2.3005455324e-06,	||phi||=2.3005455324e-06,	||beta||=0.0000000000e+00
 32 MPGP ||gp||=1.4583712629e-06,	||phi||=1.4583712629e-06,	||beta||=0.0000000000e+00
 33 MPGP ||gp||=8.0294096496e-07,	||phi||=8.0294096496e-07,	||beta||=0.0000000000e+00
 34 MPGP ||gp||=4.0461431874e-07,	||phi||=4.0461431874e-07,	||beta||=0.0000000000e+00
 35 MPGP ||gp||=1.6689285398e-07,	||phi||=1.6689285398e-07,	||beta||=0.0000000000e+00
 36 MPGP ||gp||=1.0429873785e-07,	||phi||=1.0429873785e-07,	||beta||=0.0000000000e+00
 37 MPGP ||gp||=4.8251382444e-08,	||phi||=4.8251382444e-08,	||beta||=0.0000000000e+00
 38 MPGP ||gp||=1.9024947793e-08,	||phi||=1.9024947793e-08,	||beta||=0.0000000000e+00
 39 MPGP ||gp||=7.8992484379e-09,	||phi||=7.8992484379e-09,	||beta||=0.0000000000e+00
QPS Object: 2 MPI processes
  type: mpgp
  last QPSSolve CONVERGED due to CONVERGED_ATOL, KSPReason=3, required 39 iterations
  all 1 QPSSolves from last QPSReset/QPSResetStatistics have required 39 iterations
  tolerances: rtol=1.0e-08, abstol=1.0e-08, dtol=1.0e+04, maxits=10000
  mpgp specific:
    from the last QPSReset:
    number of Hessian multiplications 40
    number of CG steps 36
    number of expansion steps 0
    number of proportioning steps 3
norm of difference of results from TAO and QP = 1.704473e-08  
