
---- Journal Bearing Problem SHB-----
mx: 8,  my: 12,  ecc: 0.1 

Value of Tao are gatol = 1.000000e-08, grtol =  1.000000e-08, gttol = 0.000000e+00  
QPS Object: 1 MPI processes
  type: tao
  last QPSSolve CONVERGED due to CONVERGED_ATOL, KSPReason=3, required 34 iterations
  all 1 QPSSolves from last QPSReset/QPSResetStatistics have required 34 iterations
  tolerances: rtol=1.0e-08, abstol=1.0e-08, dtol=1.0e+04, maxits=10000
  tao specific:
    TaoType: blmvm
    Number of KSP iterations in last iteration: 0
    Total number of KSP iterations: 0
    Information about last TAOSolve:
      Tao Object: (qps_) 1 MPI processes
        type: blmvm
        Gradient steps: 0
        Mat Object: (tao_blmvm_) 1 MPI processes
          type: lmvmbfgs
          rows=96, cols=96
            Scale type: diagonal
            Scale history: 1
            Scale params: alpha=1., beta=0.5, rho=1.
            Convex factors: phi=0., theta=0.125
            Max. storage: 5
            Used storage: 5
            Number of updates: 33
            Number of rejects: 0
            Number of resets: 1
        TaoLineSearch Object: (qps_) 1 MPI processes
          type: more-thuente
          maximum function evaluations=30
          tolerances: ftol=0.0001, rtol=1e-10, gtol=0.9
          total number of function evaluations=0
          total number of gradient evaluations=0
          total number of function/gradient evaluations=1
          using variable bounds
          Termination reason: 1
        Active Set subset type: subvec
        convergence tolerances: gatol=1e-08,         steptol=0.,         gttol=0.
        Residual in Function/Gradient:=9.73439e-09
        Objective value=-0.183437
        total number of iterations=34,                                (max: 2000)
        total number of function/gradient evaluations=41,            (max: 4000)
        Solution converged:          User Terminated
norm of difference of results from TAO and QP = 7.291136e-12  
