  last QPSSolve CONVERGED due to CONVERGED_RTOL, KSPReason=2, required 1 iterations
    Total number of inner iterations 46
      last QPSSolve CONVERGED due to CONVERGED_HAPPY_BREAKDOWN, KSPReason=7, required 46 iterations
        number of Hessian multiplications 74
        number of CG steps 18
        number of expansion steps 27
        number of proportioning steps 1
r = ||A*x - b - lambda_lb|| = 0.00e+00    rO/||b|| = 0.00e+00
r = ||min(x-lb,0)||      = 1.08e-19    r/||b|| = 8.43e-21
r = ||min(lambda_lb,0)|| = 8.96e-05    r/||b|| = 6.97e-06
r = |lambda_lb'*(lb-x)|  = 1.02e-07    r/||b|| = 7.91e-09
r = ||A*x - b + (B'*lambda) - lambda_lb|| = 0.00e+00    rO/||b|| = 0.00e+00
r = ||BE*x||             = 0.00e+00    r/||b|| = 0.00e+00
r = ||min(x-lb,0)||      = 1.08e-19    r/||b|| = 8.43e-21
r = ||min(lambda_lb,0)|| = 8.96e-05    r/||b|| = 6.97e-06
r = |lambda_lb'*(lb-x)|  = 1.02e-07    r/||b|| = 7.91e-09
r = ||A*x - b + B'*lambda|| = 2.01e-15    rO/||b|| = 6.64e-14
r = ||max(BI*x-cI,0)||   = 8.96e-05    r/||b|| = 2.96e-03
r = ||min(lambda_I,0)||  = 1.08e-19    r/||b|| = 3.58e-18
r = |lambda_I'*(BI*x-cI)|= 1.02e-07    r/||b|| = 3.36e-06
