
---- Journal Bearing Problem SHB-----
mx: 50,  my: 50,  ecc: 0.1 

Value of Tao are gatol = 1.000000e-08, grtol =  1.000000e-08, gttol = 0.000000e+00  
  0 MPGP [ ] ||gp||=1.2198589204e-01,	||phi||=0.0000000000e+00,	||beta||=1.2198589204e-01,	alpha=1.1864934661e-01
  1 MPGP [p] ||gp||=1.7073836064e-01,	||phi||=1.5211045171e-01,	||beta||=7.7549972766e-02,	alpha=1.1864934661e-01
  2 MPGP [c] ||gp||=2.6236717723e-01,	||phi||=1.8724684511e-01,	||beta||=1.8378018034e-01,	alpha=1.1864934661e-01
  3 MPGP [c] ||gp||=2.1940594572e-01,	||phi||=1.2703574193e-01,	||beta||=1.7888792383e-01,	alpha=1.1864934661e-01
  4 MPGP [p] ||gp||=1.6020208005e-01,	||phi||=1.3692153977e-01,	||beta||=8.3169696398e-02,	alpha=1.1864934661e-01
  5 MPGP [c] ||gp||=1.1457073263e-01,	||phi||=7.8796607930e-02,	||beta||=8.3171794218e-02,	alpha=1.1864934661e-01
  6 MPGP [p] ||gp||=1.0357864553e-01,	||phi||=9.8719194427e-02,	||beta||=3.1353731223e-02,	alpha=1.1864934661e-01
  7 MPGP [c] ||gp||=1.0968532690e-01,	||phi||=1.0510700748e-01,	||beta||=3.1359016511e-02,	alpha=1.1864934661e-01
  8 MPGP [c] ||gp||=1.7158885958e-01,	||phi||=1.2212104196e-01,	||beta||=1.2053708077e-01,	alpha=1.1864934661e-01
  9 MPGP [c] ||gp||=1.9050335722e-01,	||phi||=1.1763204318e-01,	||beta||=1.4984736076e-01,	alpha=1.1864934661e-01
 10 MPGP [p] ||gp||=1.1884111832e-01,	||phi||=1.0189857971e-01,	||beta||=6.1154647060e-02,	alpha=1.1864934661e-01
 11 MPGP [c] ||gp||=9.6479589064e-02,	||phi||=7.4620646121e-02,	||beta||=6.1156113990e-02,	alpha=1.1864934661e-01
 12 MPGP [c] ||gp||=1.0603997161e-01,	||phi||=8.0197789871e-02,	||beta||=6.9374275344e-02,	alpha=1.1864934661e-01
 13 MPGP [c] ||gp||=1.1503590745e-01,	||phi||=7.9047163954e-02,	||beta||=8.3575151053e-02,	alpha=1.1864934661e-01
 14 MPGP [p] ||gp||=8.5945075168e-02,	||phi||=8.2366343448e-02,	||beta||=2.4542644776e-02,	alpha=1.1864934661e-01
 15 MPGP [c] ||gp||=7.1732795393e-02,	||phi||=6.7403503869e-02,	||beta||=2.4543056067e-02,	alpha=1.1864934661e-01
 16 MPGP [c] ||gp||=9.5142065184e-02,	||phi||=8.4566324526e-02,	||beta||=4.3595290155e-02,	alpha=1.1864934661e-01
 17 MPGP [c] ||gp||=9.4167186158e-02,	||phi||=7.5483887136e-02,	||beta||=5.6299571329e-02,	alpha=1.1864934661e-01
 18 MPGP [c] ||gp||=1.4840633077e-01,	||phi||=1.3188425072e-01,	||beta||=6.8051329338e-02,	alpha=1.1864934661e-01
 19 MPGP [c] ||gp||=1.7988834895e-01,	||phi||=1.5749045606e-01,	||beta||=8.6928558806e-02,	alpha=1.1864934661e-01
 20 MPGP [c] ||gp||=1.6620536177e-01,	||phi||=1.0933378035e-01,	||beta||=1.2518125560e-01,	alpha=1.1864934661e-01
 21 MPGP [p] ||gp||=1.3618317308e-01,	||phi||=1.2940053467e-01,	||beta||=4.2442411062e-02,	alpha=1.1864934661e-01
 22 MPGP [c] ||gp||=9.8108018725e-02,	||phi||=8.8451623968e-02,	||beta||=4.2444004943e-02,	alpha=1.1864934661e-01
 23 MPGP [c] ||gp||=8.9325401427e-02,	||phi||=6.9308444022e-02,	||beta||=5.6350394208e-02,	alpha=1.1864934661e-01
 24 MPGP [c] ||gp||=8.9089736195e-02,	||phi||=4.5067978584e-02,	||beta||=7.6849582964e-02,	alpha=1.1864934661e-01
 25 MPGP [p] ||gp||=5.5125121706e-02,	||phi||=5.2846975958e-02,	||beta||=1.5683627616e-02,	alpha=1.1864934661e-01
 26 MPGP [c] ||gp||=4.3632215969e-02,	||phi||=4.0714968745e-02,	||beta||=1.5686350450e-02,	alpha=1.1864934661e-01
 27 MPGP [c] ||gp||=5.5968018214e-02,	||phi||=5.0837198612e-02,	||beta||=2.3409363511e-02,	alpha=1.1864934661e-01
 28 MPGP [c] ||gp||=7.3421472012e-02,	||phi||=5.6220328858e-02,	||beta||=4.7222740025e-02,	alpha=1.1864934661e-01
 29 MPGP [c] ||gp||=8.3288766747e-02,	||phi||=5.7845436619e-02,	||beta||=5.9924320009e-02,	alpha=1.1864934661e-01
 30 MPGP [p] ||gp||=5.2573339912e-02,	||phi||=5.2307531487e-02,	||beta||=5.2799828787e-03,	alpha=1.1864934661e-01
 31 MPGP [c] ||gp||=3.6750862074e-02,	||phi||=3.6368880729e-02,	||beta||=5.2849198438e-03,	alpha=1.1864934661e-01
 32 MPGP [c] ||gp||=4.3630249359e-02,	||phi||=4.3162205160e-02,	||beta||=6.3735943409e-03,	alpha=1.1864934661e-01
 33 MPGP [c] ||gp||=4.6461361875e-02,	||phi||=4.5527549345e-02,	||beta||=9.2682467567e-03,	alpha=1.1864934661e-01
 34 MPGP [e] ||gp||=3.5152526074e-02,	||phi||=3.3687823778e-02,	||beta||=1.0041445042e-02,	alpha=1.1864934661e-01
 35 MPGP [c] ||gp||=3.5347196746e-02,	||phi||=3.4216526706e-02,	||beta||=8.8686874994e-03,	alpha=1.1864934661e-01
 36 MPGP [c] ||gp||=3.5294289640e-02,	||phi||=3.5088273476e-02,	||beta||=3.8078794197e-03,	alpha=1.1864934661e-01
 37 MPGP [c] ||gp||=4.7618920217e-02,	||phi||=4.7348451020e-02,	||beta||=5.0681109522e-03,	alpha=1.1864934661e-01
 38 MPGP [c] ||gp||=8.5087032010e-02,	||phi||=8.2794914523e-02,	||beta||=1.9616450888e-02,	alpha=1.1864934661e-01
 39 MPGP [e] ||gp||=5.2524789536e-02,	||phi||=4.5894119743e-02,	||beta||=2.5545709793e-02,	alpha=1.1864934661e-01
 40 MPGP [c] ||gp||=6.0506246224e-02,	||phi||=5.5673121244e-02,	||beta||=2.3696189630e-02,	alpha=1.1864934661e-01
 41 MPGP [c] ||gp||=3.7809515637e-02,	||phi||=3.1320295947e-02,	||beta||=2.1180144819e-02,	alpha=1.1864934661e-01
 42 MPGP [c] ||gp||=3.7774323693e-02,	||phi||=3.0055427231e-02,	||beta||=2.2881670052e-02,	alpha=1.1864934661e-01
 43 MPGP [c] ||gp||=3.6982593842e-02,	||phi||=2.7018042125e-02,	||beta||=2.5253468020e-02,	alpha=1.1864934661e-01
 44 MPGP [c] ||gp||=3.8066208466e-02,	||phi||=3.0222064305e-02,	||beta||=2.3144395782e-02,	alpha=1.1864934661e-01
 45 MPGP [c] ||gp||=4.0519077113e-02,	||phi||=3.7583670756e-02,	||beta||=1.5141443212e-02,	alpha=1.1864934661e-01
 46 MPGP [c] ||gp||=5.4952296889e-02,	||phi||=5.3612775029e-02,	||beta||=1.2059240735e-02,	alpha=1.1864934661e-01
 47 MPGP [c] ||gp||=5.6383024493e-02,	||phi||=5.4284176792e-02,	||beta||=1.5240524959e-02,	alpha=1.1864934661e-01
 48 MPGP [c] ||gp||=7.9451172135e-02,	||phi||=7.7041019640e-02,	||beta||=1.9420866263e-02,	alpha=1.1864934661e-01
 49 MPGP [c] ||gp||=6.1941765473e-02,	||phi||=5.6177134536e-02,	||beta||=2.6094287980e-02,	alpha=1.1864934661e-01
 50 MPGP [c] ||gp||=5.9056875543e-02,	||phi||=4.9645315829e-02,	||beta||=3.1985264813e-02,	alpha=1.1864934661e-01
 51 MPGP [c] ||gp||=4.4031943313e-02,	||phi||=2.2902364148e-02,	||beta||=3.7607097048e-02,	alpha=1.1864934661e-01
 52 MPGP [p] ||gp||=3.0335426974e-02,	||phi||=3.0335426359e-02,	||beta||=6.1099007994e-06,	alpha=1.1864934661e-01
 53 MPGP [c] ||gp||=2.7262568097e-02,	||phi||=2.7260673743e-02,	||beta||=3.2138184730e-04,	alpha=1.1864934661e-01
 54 MPGP [c] ||gp||=2.4339272708e-02,	||phi||=2.4328645319e-02,	||beta||=7.1917517008e-04,	alpha=1.1864934661e-01
 55 MPGP [c] ||gp||=2.1229917994e-02,	||phi||=1.9776404869e-02,	||beta||=7.7203127217e-03,	alpha=1.1864934661e-01
 56 MPGP [c] ||gp||=2.0304786390e-02,	||phi||=1.6726144948e-02,	||beta||=1.1511751627e-02,	alpha=1.1864934661e-01
 57 MPGP [c] ||gp||=1.9791275137e-02,	||phi||=1.6018473834e-02,	||beta||=1.1623384514e-02,	alpha=1.1864934661e-01
 58 MPGP [c] ||gp||=1.7580996552e-02,	||phi||=1.3264162780e-02,	||beta||=1.1539212517e-02,	alpha=1.1864934661e-01
 59 MPGP [c] ||gp||=1.6526459212e-02,	||phi||=1.0770458053e-02,	||beta||=1.2534795069e-02,	alpha=1.1864934661e-01
 60 MPGP [p] ||gp||=1.2923904456e-02,	||phi||=1.2923904456e-02,	||beta||=0.0000000000e+00,	alpha=1.1864934661e-01
 61 MPGP [c] ||gp||=1.1366991460e-02,	||phi||=1.1366991460e-02,	||beta||=0.0000000000e+00,	alpha=1.1864934661e-01
 62 MPGP [c] ||gp||=9.4409202774e-03,	||phi||=9.4405968571e-03,	||beta||=7.8145155700e-05,	alpha=1.1864934661e-01
 63 MPGP [c] ||gp||=7.8663468429e-03,	||phi||=7.8630890269e-03,	||beta||=2.2637050890e-04,	alpha=1.1864934661e-01
 64 MPGP [c] ||gp||=9.0579438890e-03,	||phi||=9.0570564335e-03,	||beta||=1.2679218060e-04,	alpha=1.1864934661e-01
 65 MPGP [c] ||gp||=1.1362017507e-02,	||phi||=1.1362017507e-02,	||beta||=0.0000000000e+00,	alpha=1.1864934661e-01
 66 MPGP [c] ||gp||=9.5737023999e-03,	||phi||=9.5737023999e-03,	||beta||=0.0000000000e+00,	alpha=1.1864934661e-01
 67 MPGP [c] ||gp||=8.4993358666e-03,	||phi||=8.4986919490e-03,	||beta||=1.0461993076e-04,	alpha=1.1864934661e-01
 68 MPGP [c] ||gp||=8.6172375368e-03,	||phi||=8.6084466176e-03,	||beta||=3.8913955968e-04,	alpha=1.1864934661e-01
 69 MPGP [c] ||gp||=6.2327563735e-03,	||phi||=6.2119631046e-03,	||beta||=5.0869086716e-04,	alpha=1.1864934661e-01
 70 MPGP [c] ||gp||=6.0733077630e-03,	||phi||=6.0392608953e-03,	||beta||=6.4217989874e-04,	alpha=1.1864934661e-01
 71 MPGP [c] ||gp||=5.3678939657e-03,	||phi||=5.3030255780e-03,	||beta||=8.3198878932e-04,	alpha=1.1864934661e-01
 72 MPGP [c] ||gp||=5.1321777272e-03,	||phi||=5.0423050463e-03,	||beta||=9.5624685298e-04,	alpha=1.1864934661e-01
 73 MPGP [c] ||gp||=6.2477482319e-03,	||phi||=6.1398646723e-03,	||beta||=1.1560362342e-03,	alpha=1.1864934661e-01
 74 MPGP [c] ||gp||=7.0105674064e-03,	||phi||=6.8698561215e-03,	||beta||=1.3975450723e-03,	alpha=1.1864934661e-01
 75 MPGP [c] ||gp||=6.9641947091e-03,	||phi||=6.8068597501e-03,	||beta||=1.4719606953e-03,	alpha=1.1864934661e-01
 76 MPGP [c] ||gp||=6.8262305372e-03,	||phi||=6.6653068556e-03,	||beta||=1.4734679733e-03,	alpha=1.1864934661e-01
 77 MPGP [c] ||gp||=6.0987543647e-03,	||phi||=5.8969810522e-03,	||beta||=1.5557696715e-03,	alpha=1.1864934661e-01
 78 MPGP [c] ||gp||=5.6113768928e-03,	||phi||=5.3953745916e-03,	||beta||=1.5419090925e-03,	alpha=1.1864934661e-01
 79 MPGP [c] ||gp||=5.2799086190e-03,	||phi||=5.1125455728e-03,	||beta||=1.3188300842e-03,	alpha=1.1864934661e-01
 80 MPGP [c] ||gp||=4.4956377146e-03,	||phi||=4.3562595040e-03,	||beta||=1.1107482140e-03,	alpha=1.1864934661e-01
 81 MPGP [c] ||gp||=4.1467926518e-03,	||phi||=4.0262655670e-03,	||beta||=9.9250938585e-04,	alpha=1.1864934661e-01
 82 MPGP [c] ||gp||=3.4435076447e-03,	||phi||=3.3189973517e-03,	||beta||=9.1760638507e-04,	alpha=1.1864934661e-01
 83 MPGP [c] ||gp||=3.0175682478e-03,	||phi||=2.8906067054e-03,	||beta||=8.6608948991e-04,	alpha=1.1864934661e-01
 84 MPGP [c] ||gp||=3.1787945821e-03,	||phi||=3.0611811567e-03,	||beta||=8.5668250881e-04,	alpha=1.1864934661e-01
 85 MPGP [c] ||gp||=3.3499117589e-03,	||phi||=3.2214014802e-03,	||beta||=9.1895663434e-04,	alpha=1.1864934661e-01
 86 MPGP [c] ||gp||=3.5741160416e-03,	||phi||=3.4384252429e-03,	||beta||=9.7546774831e-04,	alpha=1.1864934661e-01
 87 MPGP [c] ||gp||=3.6891672890e-03,	||phi||=3.5388210989e-03,	||beta||=1.0424492871e-03,	alpha=1.1864934661e-01
 88 MPGP [c] ||gp||=3.2915998793e-03,	||phi||=3.0836519128e-03,	||beta||=1.1513994295e-03,	alpha=1.1864934661e-01
 89 MPGP [c] ||gp||=3.0341652655e-03,	||phi||=2.7797853559e-03,	||beta||=1.2161218003e-03,	alpha=1.1864934661e-01
 90 MPGP [c] ||gp||=2.9059001312e-03,	||phi||=2.6279573588e-03,	||beta||=1.2401998600e-03,	alpha=1.1864934661e-01
 91 MPGP [c] ||gp||=2.5814476835e-03,	||phi||=2.2641207344e-03,	||beta||=1.2400118719e-03,	alpha=1.1864934661e-01
 92 MPGP [c] ||gp||=2.1086140613e-03,	||phi||=1.7188861229e-03,	||beta||=1.2213450603e-03,	alpha=1.1864934661e-01
 93 MPGP [c] ||gp||=1.6870950282e-03,	||phi||=1.2076322924e-03,	||beta||=1.1780975683e-03,	alpha=1.1864934661e-01
 94 MPGP [c] ||gp||=1.4813103590e-03,	||phi||=9.4529884511e-04,	||beta||=1.1404781774e-03,	alpha=1.1864934661e-01
 95 MPGP [p] ||gp||=1.0846829205e-03,	||phi||=1.0846829205e-03,	||beta||=0.0000000000e+00,	alpha=1.1864934661e-01
 96 MPGP [c] ||gp||=8.2437972833e-04,	||phi||=8.2437972833e-04,	||beta||=0.0000000000e+00,	alpha=1.1864934661e-01
 97 MPGP [c] ||gp||=7.7317959339e-04,	||phi||=7.7317959339e-04,	||beta||=0.0000000000e+00,	alpha=1.1864934661e-01
 98 MPGP [c] ||gp||=5.9623309528e-04,	||phi||=5.9623309528e-04,	||beta||=0.0000000000e+00,	alpha=1.1864934661e-01
 99 MPGP [c] ||gp||=5.5355352345e-04,	||phi||=5.5355352345e-04,	||beta||=0.0000000000e+00,	alpha=1.1864934661e-01
100 MPGP [c] ||gp||=4.7303388469e-04,	||phi||=4.7303388469e-04,	||beta||=0.0000000000e+00,	alpha=1.1864934661e-01
101 MPGP [c] ||gp||=4.3728271049e-04,	||phi||=4.3728271049e-04,	||beta||=0.0000000000e+00,	alpha=1.1864934661e-01
102 MPGP [c] ||gp||=3.7264073087e-04,	||phi||=3.7264073087e-04,	||beta||=0.0000000000e+00,	alpha=1.1864934661e-01
103 MPGP [c] ||gp||=2.9305598191e-04,	||phi||=2.9305598191e-04,	||beta||=0.0000000000e+00,	alpha=1.1864934661e-01
104 MPGP [c] ||gp||=2.4502652092e-04,	||phi||=2.4502652092e-04,	||beta||=0.0000000000e+00,	alpha=1.1864934661e-01
105 MPGP [c] ||gp||=2.0650130646e-04,	||phi||=2.0650130646e-04,	||beta||=0.0000000000e+00,	alpha=1.1864934661e-01
106 MPGP [c] ||gp||=1.8292901748e-04,	||phi||=1.8292901748e-04,	||beta||=0.0000000000e+00,	alpha=1.1864934661e-01
107 MPGP [c] ||gp||=1.9158694415e-04,	||phi||=1.9158694415e-04,	||beta||=0.0000000000e+00,	alpha=1.1864934661e-01
108 MPGP [c] ||gp||=1.9852714454e-04,	||phi||=1.9852714454e-04,	||beta||=0.0000000000e+00,	alpha=1.1864934661e-01
109 MPGP [c] ||gp||=1.8271270169e-04,	||phi||=1.8271270169e-04,	||beta||=0.0000000000e+00,	alpha=1.1864934661e-01
110 MPGP [c] ||gp||=1.8735521686e-04,	||phi||=1.8735521686e-04,	||beta||=0.0000000000e+00,	alpha=1.1864934661e-01
111 MPGP [c] ||gp||=1.5002038201e-04,	||phi||=1.5002038201e-04,	||beta||=0.0000000000e+00,	alpha=1.1864934661e-01
112 MPGP [c] ||gp||=1.2364793709e-04,	||phi||=1.2364793709e-04,	||beta||=0.0000000000e+00,	alpha=1.1864934661e-01
113 MPGP [c] ||gp||=1.1192079681e-04,	||phi||=1.1192079681e-04,	||beta||=0.0000000000e+00,	alpha=1.1864934661e-01
114 MPGP [c] ||gp||=9.2320676342e-05,	||phi||=9.2320676342e-05,	||beta||=0.0000000000e+00,	alpha=1.1864934661e-01
115 MPGP [c] ||gp||=8.5605299813e-05,	||phi||=8.5605299813e-05,	||beta||=0.0000000000e+00,	alpha=1.1864934661e-01
116 MPGP [c] ||gp||=8.6794962372e-05,	||phi||=8.6794962372e-05,	||beta||=0.0000000000e+00,	alpha=1.1864934661e-01
117 MPGP [c] ||gp||=8.5764989857e-05,	||phi||=8.5764989857e-05,	||beta||=0.0000000000e+00,	alpha=1.1864934661e-01
118 MPGP [c] ||gp||=9.1811975435e-05,	||phi||=9.1811975435e-05,	||beta||=0.0000000000e+00,	alpha=1.1864934661e-01
119 MPGP [c] ||gp||=9.2464328219e-05,	||phi||=9.2464328219e-05,	||beta||=0.0000000000e+00,	alpha=1.1864934661e-01
120 MPGP [c] ||gp||=8.8793092379e-05,	||phi||=8.8793092379e-05,	||beta||=0.0000000000e+00,	alpha=1.1864934661e-01
121 MPGP [c] ||gp||=8.5931164111e-05,	||phi||=8.5931164111e-05,	||beta||=0.0000000000e+00,	alpha=1.1864934661e-01
122 MPGP [c] ||gp||=7.1485041106e-05,	||phi||=7.1485041106e-05,	||beta||=0.0000000000e+00,	alpha=1.1864934661e-01
123 MPGP [c] ||gp||=6.6480611250e-05,	||phi||=6.6480611250e-05,	||beta||=0.0000000000e+00,	alpha=1.1864934661e-01
124 MPGP [c] ||gp||=5.5012141468e-05,	||phi||=5.5012141468e-05,	||beta||=0.0000000000e+00,	alpha=1.1864934661e-01
125 MPGP [c] ||gp||=5.1944742300e-05,	||phi||=5.1944742300e-05,	||beta||=0.0000000000e+00,	alpha=1.1864934661e-01
126 MPGP [c] ||gp||=4.2485044700e-05,	||phi||=4.2485044700e-05,	||beta||=0.0000000000e+00,	alpha=1.1864934661e-01
127 MPGP [c] ||gp||=3.8083555976e-05,	||phi||=3.8083555976e-05,	||beta||=0.0000000000e+00,	alpha=1.1864934661e-01
128 MPGP [c] ||gp||=4.0102255866e-05,	||phi||=4.0102255866e-05,	||beta||=0.0000000000e+00,	alpha=1.1864934661e-01
129 MPGP [c] ||gp||=3.7688804270e-05,	||phi||=3.7688804270e-05,	||beta||=0.0000000000e+00,	alpha=1.1864934661e-01
130 MPGP [c] ||gp||=3.8355619027e-05,	||phi||=3.8355619027e-05,	||beta||=0.0000000000e+00,	alpha=1.1864934661e-01
131 MPGP [c] ||gp||=3.9058740140e-05,	||phi||=3.9058740140e-05,	||beta||=0.0000000000e+00,	alpha=1.1864934661e-01
132 MPGP [c] ||gp||=3.3891031099e-05,	||phi||=3.3891031099e-05,	||beta||=0.0000000000e+00,	alpha=1.1864934661e-01
133 MPGP [c] ||gp||=3.3001079724e-05,	||phi||=3.3001079724e-05,	||beta||=0.0000000000e+00,	alpha=1.1864934661e-01
134 MPGP [c] ||gp||=3.2918143165e-05,	||phi||=3.2918143165e-05,	||beta||=0.0000000000e+00,	alpha=1.1864934661e-01
135 MPGP [c] ||gp||=2.6371537108e-05,	||phi||=2.6371537108e-05,	||beta||=0.0000000000e+00,	alpha=1.1864934661e-01
136 MPGP [c] ||gp||=2.5085894965e-05,	||phi||=2.5085894965e-05,	||beta||=0.0000000000e+00,	alpha=1.1864934661e-01
137 MPGP [c] ||gp||=1.8397074727e-05,	||phi||=1.8397074727e-05,	||beta||=0.0000000000e+00,	alpha=1.1864934661e-01
138 MPGP [c] ||gp||=1.8681546517e-05,	||phi||=1.8681546517e-05,	||beta||=0.0000000000e+00,	alpha=1.1864934661e-01
139 MPGP [c] ||gp||=1.9362513885e-05,	||phi||=1.9362513885e-05,	||beta||=0.0000000000e+00,	alpha=1.1864934661e-01
140 MPGP [c] ||gp||=1.6673140072e-05,	||phi||=1.6673140072e-05,	||beta||=0.0000000000e+00,	alpha=1.1864934661e-01
141 MPGP [c] ||gp||=1.5740966812e-05,	||phi||=1.5740966812e-05,	||beta||=0.0000000000e+00,	alpha=1.1864934661e-01
142 MPGP [c] ||gp||=1.4473072524e-05,	||phi||=1.4473072524e-05,	||beta||=0.0000000000e+00,	alpha=1.1864934661e-01
143 MPGP [c] ||gp||=1.4263885186e-05,	||phi||=1.4263885186e-05,	||beta||=0.0000000000e+00,	alpha=1.1864934661e-01
144 MPGP [c] ||gp||=1.3380179879e-05,	||phi||=1.3380179879e-05,	||beta||=0.0000000000e+00,	alpha=1.1864934661e-01
145 MPGP [c] ||gp||=1.2403019676e-05,	||phi||=1.2403019676e-05,	||beta||=0.0000000000e+00,	alpha=1.1864934661e-01
146 MPGP [c] ||gp||=1.1738216710e-05,	||phi||=1.1738216710e-05,	||beta||=0.0000000000e+00,	alpha=1.1864934661e-01
147 MPGP [c] ||gp||=1.0257486124e-05,	||phi||=1.0257486124e-05,	||beta||=0.0000000000e+00,	alpha=1.1864934661e-01
148 MPGP [c] ||gp||=1.0513011253e-05,	||phi||=1.0513011253e-05,	||beta||=0.0000000000e+00,	alpha=1.1864934661e-01
149 MPGP [c] ||gp||=9.5452692347e-06,	||phi||=9.5452692347e-06,	||beta||=0.0000000000e+00,	alpha=1.1864934661e-01
150 MPGP [c] ||gp||=8.6593730920e-06,	||phi||=8.6593730920e-06,	||beta||=0.0000000000e+00,	alpha=1.1864934661e-01
151 MPGP [c] ||gp||=8.3005977096e-06,	||phi||=8.3005977096e-06,	||beta||=0.0000000000e+00,	alpha=1.1864934661e-01
152 MPGP [c] ||gp||=7.6036302710e-06,	||phi||=7.6036302710e-06,	||beta||=0.0000000000e+00,	alpha=1.1864934661e-01
153 MPGP [c] ||gp||=7.6151949290e-06,	||phi||=7.6151949290e-06,	||beta||=0.0000000000e+00,	alpha=1.1864934661e-01
154 MPGP [c] ||gp||=6.9279264904e-06,	||phi||=6.9279264904e-06,	||beta||=0.0000000000e+00,	alpha=1.1864934661e-01
155 MPGP [c] ||gp||=7.4221619768e-06,	||phi||=7.4221619768e-06,	||beta||=0.0000000000e+00,	alpha=1.1864934661e-01
156 MPGP [c] ||gp||=5.8539170525e-06,	||phi||=5.8539170525e-06,	||beta||=0.0000000000e+00,	alpha=1.1864934661e-01
157 MPGP [c] ||gp||=5.2209040139e-06,	||phi||=5.2209040139e-06,	||beta||=0.0000000000e+00,	alpha=1.1864934661e-01
158 MPGP [c] ||gp||=4.8521364051e-06,	||phi||=4.8521364051e-06,	||beta||=0.0000000000e+00,	alpha=1.1864934661e-01
159 MPGP [c] ||gp||=4.4023339061e-06,	||phi||=4.4023339061e-06,	||beta||=0.0000000000e+00,	alpha=1.1864934661e-01
160 MPGP [c] ||gp||=4.1787027922e-06,	||phi||=4.1787027922e-06,	||beta||=0.0000000000e+00,	alpha=1.1864934661e-01
161 MPGP [c] ||gp||=3.6866578768e-06,	||phi||=3.6866578768e-06,	||beta||=0.0000000000e+00,	alpha=1.1864934661e-01
162 MPGP [c] ||gp||=3.2672704427e-06,	||phi||=3.2672704427e-06,	||beta||=0.0000000000e+00,	alpha=1.1864934661e-01
163 MPGP [c] ||gp||=2.8141056019e-06,	||phi||=2.8141056019e-06,	||beta||=0.0000000000e+00,	alpha=1.1864934661e-01
164 MPGP [c] ||gp||=2.6101034227e-06,	||phi||=2.6101034227e-06,	||beta||=0.0000000000e+00,	alpha=1.1864934661e-01
165 MPGP [c] ||gp||=2.4677495222e-06,	||phi||=2.4677495222e-06,	||beta||=0.0000000000e+00,	alpha=1.1864934661e-01
166 MPGP [c] ||gp||=2.1557629540e-06,	||phi||=2.1557629540e-06,	||beta||=0.0000000000e+00,	alpha=1.1864934661e-01
167 MPGP [c] ||gp||=1.9586738500e-06,	||phi||=1.9586738500e-06,	||beta||=0.0000000000e+00,	alpha=1.1864934661e-01
168 MPGP [c] ||gp||=1.6817775158e-06,	||phi||=1.6817775158e-06,	||beta||=0.0000000000e+00,	alpha=1.1864934661e-01
169 MPGP [c] ||gp||=1.5174182044e-06,	||phi||=1.5174182044e-06,	||beta||=0.0000000000e+00,	alpha=1.1864934661e-01
170 MPGP [c] ||gp||=1.3926342097e-06,	||phi||=1.3926342097e-06,	||beta||=0.0000000000e+00,	alpha=1.1864934661e-01
171 MPGP [c] ||gp||=1.2619382224e-06,	||phi||=1.2619382224e-06,	||beta||=0.0000000000e+00,	alpha=1.1864934661e-01
172 MPGP [c] ||gp||=1.2316470635e-06,	||phi||=1.2316470635e-06,	||beta||=0.0000000000e+00,	alpha=1.1864934661e-01
173 MPGP [c] ||gp||=1.1398098218e-06,	||phi||=1.1398098218e-06,	||beta||=0.0000000000e+00,	alpha=1.1864934661e-01
174 MPGP [c] ||gp||=1.1296560176e-06,	||phi||=1.1296560176e-06,	||beta||=0.0000000000e+00,	alpha=1.1864934661e-01
175 MPGP [c] ||gp||=1.1695950180e-06,	||phi||=1.1695950180e-06,	||beta||=0.0000000000e+00,	alpha=1.1864934661e-01
176 MPGP [c] ||gp||=1.1649339778e-06,	||phi||=1.1649339778e-06,	||beta||=0.0000000000e+00,	alpha=1.1864934661e-01
177 MPGP [c] ||gp||=1.1931240851e-06,	||phi||=1.1931240851e-06,	||beta||=0.0000000000e+00,	alpha=1.1864934661e-01
178 MPGP [c] ||gp||=1.1239886592e-06,	||phi||=1.1239886592e-06,	||beta||=0.0000000000e+00,	alpha=1.1864934661e-01
179 MPGP [c] ||gp||=9.9300656785e-07,	||phi||=9.9300656785e-07,	||beta||=0.0000000000e+00,	alpha=1.1864934661e-01
180 MPGP [c] ||gp||=9.0877904420e-07,	||phi||=9.0877904420e-07,	||beta||=0.0000000000e+00,	alpha=1.1864934661e-01
181 MPGP [c] ||gp||=7.9371374039e-07,	||phi||=7.9371374039e-07,	||beta||=0.0000000000e+00,	alpha=1.1864934661e-01
182 MPGP [c] ||gp||=7.4919223034e-07,	||phi||=7.4919223034e-07,	||beta||=0.0000000000e+00,	alpha=1.1864934661e-01
183 MPGP [c] ||gp||=7.3402328844e-07,	||phi||=7.3402328844e-07,	||beta||=0.0000000000e+00,	alpha=1.1864934661e-01
184 MPGP [c] ||gp||=5.9246535318e-07,	||phi||=5.9246535318e-07,	||beta||=0.0000000000e+00,	alpha=1.1864934661e-01
185 MPGP [c] ||gp||=5.3893939396e-07,	||phi||=5.3893939396e-07,	||beta||=0.0000000000e+00,	alpha=1.1864934661e-01
186 MPGP [c] ||gp||=5.1720271260e-07,	||phi||=5.1720271260e-07,	||beta||=0.0000000000e+00,	alpha=1.1864934661e-01
187 MPGP [c] ||gp||=4.6829450574e-07,	||phi||=4.6829450574e-07,	||beta||=0.0000000000e+00,	alpha=1.1864934661e-01
188 MPGP [c] ||gp||=4.0230270692e-07,	||phi||=4.0230270692e-07,	||beta||=0.0000000000e+00,	alpha=1.1864934661e-01
189 MPGP [c] ||gp||=3.7312788506e-07,	||phi||=3.7312788506e-07,	||beta||=0.0000000000e+00,	alpha=1.1864934661e-01
190 MPGP [c] ||gp||=3.2985099902e-07,	||phi||=3.2985099902e-07,	||beta||=0.0000000000e+00,	alpha=1.1864934661e-01
191 MPGP [c] ||gp||=2.9666076299e-07,	||phi||=2.9666076299e-07,	||beta||=0.0000000000e+00,	alpha=1.1864934661e-01
192 MPGP [c] ||gp||=2.8171097386e-07,	||phi||=2.8171097386e-07,	||beta||=0.0000000000e+00,	alpha=1.1864934661e-01
193 MPGP [c] ||gp||=2.5689244956e-07,	||phi||=2.5689244956e-07,	||beta||=0.0000000000e+00,	alpha=1.1864934661e-01
194 MPGP [c] ||gp||=2.3151539431e-07,	||phi||=2.3151539431e-07,	||beta||=0.0000000000e+00,	alpha=1.1864934661e-01
195 MPGP [c] ||gp||=2.1058058733e-07,	||phi||=2.1058058733e-07,	||beta||=0.0000000000e+00,	alpha=1.1864934661e-01
196 MPGP [c] ||gp||=1.9691986409e-07,	||phi||=1.9691986409e-07,	||beta||=0.0000000000e+00,	alpha=1.1864934661e-01
197 MPGP [c] ||gp||=1.9213490840e-07,	||phi||=1.9213490840e-07,	||beta||=0.0000000000e+00,	alpha=1.1864934661e-01
198 MPGP [c] ||gp||=1.8438196489e-07,	||phi||=1.8438196489e-07,	||beta||=0.0000000000e+00,	alpha=1.1864934661e-01
199 MPGP [c] ||gp||=1.7093517856e-07,	||phi||=1.7093517856e-07,	||beta||=0.0000000000e+00,	alpha=1.1864934661e-01
200 MPGP [c] ||gp||=1.5145809863e-07,	||phi||=1.5145809863e-07,	||beta||=0.0000000000e+00,	alpha=1.1864934661e-01
201 MPGP [c] ||gp||=1.3237936525e-07,	||phi||=1.3237936525e-07,	||beta||=0.0000000000e+00,	alpha=1.1864934661e-01
202 MPGP [c] ||gp||=1.2235155783e-07,	||phi||=1.2235155783e-07,	||beta||=0.0000000000e+00,	alpha=1.1864934661e-01
203 MPGP [c] ||gp||=1.0088773072e-07,	||phi||=1.0088773072e-07,	||beta||=0.0000000000e+00,	alpha=1.1864934661e-01
204 MPGP [c] ||gp||=8.3347757764e-08,	||phi||=8.3347757764e-08,	||beta||=0.0000000000e+00,	alpha=1.1864934661e-01
205 MPGP [c] ||gp||=7.0008281184e-08,	||phi||=7.0008281184e-08,	||beta||=0.0000000000e+00,	alpha=1.1864934661e-01
206 MPGP [c] ||gp||=5.9023752073e-08,	||phi||=5.9023752073e-08,	||beta||=0.0000000000e+00,	alpha=1.1864934661e-01
207 MPGP [c] ||gp||=5.2550906773e-08,	||phi||=5.2550906773e-08,	||beta||=0.0000000000e+00,	alpha=1.1864934661e-01
208 MPGP [c] ||gp||=4.3654997130e-08,	||phi||=4.3654997130e-08,	||beta||=0.0000000000e+00,	alpha=1.1864934661e-01
209 MPGP [c] ||gp||=3.7970769036e-08,	||phi||=3.7970769036e-08,	||beta||=0.0000000000e+00,	alpha=1.1864934661e-01
210 MPGP [c] ||gp||=3.4155294535e-08,	||phi||=3.4155294535e-08,	||beta||=0.0000000000e+00,	alpha=1.1864934661e-01
211 MPGP [c] ||gp||=2.7958655908e-08,	||phi||=2.7958655908e-08,	||beta||=0.0000000000e+00,	alpha=1.1864934661e-01
212 MPGP [c] ||gp||=2.5507629340e-08,	||phi||=2.5507629340e-08,	||beta||=0.0000000000e+00,	alpha=1.1864934661e-01
213 MPGP [c] ||gp||=2.2082866324e-08,	||phi||=2.2082866324e-08,	||beta||=0.0000000000e+00,	alpha=1.1864934661e-01
214 MPGP [c] ||gp||=1.9368528637e-08,	||phi||=1.9368528637e-08,	||beta||=0.0000000000e+00,	alpha=1.1864934661e-01
215 MPGP [c] ||gp||=1.6588265277e-08,	||phi||=1.6588265277e-08,	||beta||=0.0000000000e+00,	alpha=1.1864934661e-01
216 MPGP [c] ||gp||=1.4725160636e-08,	||phi||=1.4725160636e-08,	||beta||=0.0000000000e+00,	alpha=1.1864934661e-01
217 MPGP [c] ||gp||=1.2948705696e-08,	||phi||=1.2948705696e-08,	||beta||=0.0000000000e+00,	alpha=1.1864934661e-01
218 MPGP [c] ||gp||=1.1234905676e-08,	||phi||=1.1234905676e-08,	||beta||=0.0000000000e+00,	alpha=1.1864934661e-01
219 MPGP [c] ||gp||=9.8439658357e-09,	||phi||=9.8439658357e-09,	||beta||=0.0000000000e+00,	alpha=1.1864934661e-01
QPS Object: 3 MPI processes
  type: mpgp
  last QPSSolve CONVERGED due to CONVERGED_ATOL, KSPReason=3, required 219 iterations
  all 1 QPSSolves from last QPSReset/QPSResetStatistics have required 219 iterations
  tolerances: rtol=1.0e-08, abstol=1.0e-08, dtol=1.0e+04, maxits=10000
  mpgp specific:
    from the last QPSReset:
    number of Hessian multiplications 222
    number of CG steps 206
    number of expansion steps 2
    number of proportioning steps 11
norm of difference of results from TAO and QP = 5.043369e-07  
