
---- Journal Bearing Problem SHB-----
mx: 30,  my: 30,  ecc: 0.1

TAO tolerances are gatol = 1.000000e-08, grtol =  1.000000e-50, gttol = 1.000000e-06
Setting PERMON rtol = gttol, atol = gatol
QPS Object: 3 MPI processes
  type: tao
  last QPSSolve CONVERGED due to CONVERGED_RTOL, KSPReason=2, required 878 iterations
  all 1 QPSSolves from last QPSReset/QPSResetStatistics have required 878 iterations
  tolerances: rtol=1.0e-06, abstol=1.0e-08, dtol=1.0e+04, maxits=10000
  tao specific:
    TaoType: blmvm
    Number of KSP iterations in last iteration: 0
    Total number of KSP iterations: 0
    Information about last TAOSolve:
      Tao Object: (qps_) 3 MPI processes
        type: blmvm
        Gradient steps: 62
        Mat Object: (qps_tao_blmvm_) 3 MPI processes
          type: lmvmbfgs
          rows=900, cols=900
            Max. storage: 5
            Used storage: 2
            Number of updates: 877
            Number of rejects: 0
            Number of resets: 64
            J0:
              Mat Object: (qps_tao_blmvm_mat_lmvm_J0_) 3 MPI processes
                type: diagonal
                rows=900, cols=900
                  Vec Object: 3 MPI processes
                    type: mpi
            Rescale type: diagonal
            Rescale history: 1
            Rescale params: alpha=1., beta=0.5, rho=1.
            Rescale convex factor: theta=0.125
        TaoLineSearch Object: (qps_) 3 MPI processes
          type: more-thuente
          maximum function evaluations=30
          tolerances: ftol=0.0001, rtol=1e-10, gtol=0.9
          total number of function evaluations=0
          total number of gradient evaluations=0
          total number of function/gradient evaluations=2
          using variable bounds
          Termination reason: SUCCESS
        Active Set subset type: subvec
        convergence tolerances: gatol=1e-08,         grtol=1e-06,         steptol=0.,         gttol=0.
        Residual in Function/Gradient:=2.80054e-07
        Objective value=-0.180302
        total number of iterations=878,                                (max: 2000)
        total number of function/gradient evaluations=1740,            (max: 4000)
        Solution converged:          User Terminated
Norm of difference of results from TAO and QP = 1.671547e-06 <= 2.819765e-06 = tolerance
