
---- Journal Bearing Problem SHB-----
mx: 8,  my: 12,  ecc: 0.1 

TAO tolerances are gatol = 1.000000e-08, grtol =  1.000000e-50, gttol = 1.000000e-06
Setting PERMON rtol = gttol, atol = gatol
  0 MPGP [ ] ||gp||=5.5809211207e-01,	||phi||=0.0000000000e+00,	||beta||=5.5809211207e-01,	alpha=2.0061100039e-01
  1 MPGP [p] ||gp||=3.1464391336e-01,	||phi||=3.0615634395e-01,	||beta||=7.2588465186e-02,	alpha=2.0061100039e-01
  2 MPGP [c] ||gp||=2.4361746033e-01,	||phi||=1.1989793746e-01,	||beta||=2.1207062873e-01,	alpha=2.0061100039e-01
  3 MPGP [p] ||gp||=1.5325082741e-01,	||phi||=1.5325082741e-01,	||beta||=0.0000000000e+00,	alpha=2.0061100039e-01
  4 MPGP [c] ||gp||=1.5493232542e-01,	||phi||=1.5493232542e-01,	||beta||=0.0000000000e+00,	alpha=2.0061100039e-01
  5 MPGP [c] ||gp||=1.2781897782e-01,	||phi||=1.2781897782e-01,	||beta||=0.0000000000e+00,	alpha=2.0061100039e-01
  6 MPGP [c] ||gp||=5.4025811539e-02,	||phi||=5.4025811539e-02,	||beta||=0.0000000000e+00,	alpha=2.0061100039e-01
  7 MPGP [c] ||gp||=2.4639466555e-02,	||phi||=2.4639466555e-02,	||beta||=0.0000000000e+00,	alpha=2.0061100039e-01
  8 MPGP [c] ||gp||=1.2660210860e-02,	||phi||=1.2660210860e-02,	||beta||=0.0000000000e+00,	alpha=2.0061100039e-01
  9 MPGP [c] ||gp||=5.8736192161e-03,	||phi||=5.8736192161e-03,	||beta||=0.0000000000e+00,	alpha=2.0061100039e-01
 10 MPGP [c] ||gp||=2.6848239841e-03,	||phi||=2.6848239841e-03,	||beta||=0.0000000000e+00,	alpha=2.0061100039e-01
 11 MPGP [c] ||gp||=1.9677968319e-03,	||phi||=1.9677968319e-03,	||beta||=0.0000000000e+00,	alpha=2.0061100039e-01
 12 MPGP [c] ||gp||=1.0385688916e-03,	||phi||=1.0385688916e-03,	||beta||=0.0000000000e+00,	alpha=2.0061100039e-01
 13 MPGP [c] ||gp||=6.3541674015e-04,	||phi||=6.3541674015e-04,	||beta||=0.0000000000e+00,	alpha=2.0061100039e-01
 14 MPGP [c] ||gp||=4.0007653147e-04,	||phi||=4.0007653147e-04,	||beta||=0.0000000000e+00,	alpha=2.0061100039e-01
 15 MPGP [c] ||gp||=2.4571447647e-04,	||phi||=2.4571447647e-04,	||beta||=0.0000000000e+00,	alpha=2.0061100039e-01
 16 MPGP [c] ||gp||=1.1182825173e-04,	||phi||=1.1182825173e-04,	||beta||=0.0000000000e+00,	alpha=2.0061100039e-01
 17 MPGP [c] ||gp||=5.4963874278e-05,	||phi||=5.4963874278e-05,	||beta||=0.0000000000e+00,	alpha=2.0061100039e-01
 18 MPGP [c] ||gp||=3.8243596449e-05,	||phi||=3.8243596449e-05,	||beta||=0.0000000000e+00,	alpha=2.0061100039e-01
 19 MPGP [c] ||gp||=1.6497341593e-05,	||phi||=1.6497341593e-05,	||beta||=0.0000000000e+00,	alpha=2.0061100039e-01
 20 MPGP [c] ||gp||=8.1748912834e-06,	||phi||=8.1748912834e-06,	||beta||=0.0000000000e+00,	alpha=2.0061100039e-01
 21 MPGP [c] ||gp||=3.3212967541e-06,	||phi||=3.3212967541e-06,	||beta||=0.0000000000e+00,	alpha=2.0061100039e-01
 22 MPGP [c] ||gp||=1.3208278169e-06,	||phi||=1.3208278169e-06,	||beta||=0.0000000000e+00,	alpha=2.0061100039e-01
 23 MPGP [c] ||gp||=4.1716887962e-07,	||phi||=4.1716887962e-07,	||beta||=0.0000000000e+00,	alpha=2.0061100039e-01
QPS Object: 1 MPI processes
  type: mpgp
  last QPSSolve CONVERGED due to CONVERGED_RTOL, KSPReason=2, required 23 iterations
  all 1 QPSSolves from last QPSReset/QPSResetStatistics have required 23 iterations
  tolerances: rtol=1.0e-06, abstol=1.0e-08, dtol=1.0e+04, maxits=10000
  mpgp specific:
    from the last QPSReset:
    number of Hessian multiplications 24
    number of CG steps 21
    number of expansion steps 0
    number of proportioning steps 2
Norm of difference of results from TAO and QP = 1.802216e-07 <= 7.892614e-06 = tolerance
