
---- Journal Bearing Problem SHB-----
mx: 10,  my: 16,  ecc: 0.1

TAO tolerances are gatol = 1.000000e-08, grtol =  1.000000e-50, gttol = 1.000000e-06
Setting PERMON rtol = gttol, atol = gatol
  0 MPGP [ ] ||gp||=4.4575332946e-01,	||gf||=0.0000000000e+00,	||gc||=4.4575332946e-01,	alpha=1.9723987044e-01
  1 MPGP [p] ||gp||=2.7401564168e-01,	||gf||=2.5793945410e-01,	||gc||=9.2475996378e-02,	alpha=1.9723987044e-01
  2 MPGP [c] ||gp||=2.6406191397e-01,	||gf||=1.3903300099e-01,	||gc||=2.2449614484e-01,	alpha=1.9723987044e-01
  3 MPGP [p] ||gp||=1.5532861411e-01,	||gf||=1.5532861411e-01,	||gc||=0.0000000000e+00,	alpha=1.9723987044e-01
  4 MPGP [c] ||gp||=1.4018523868e-01,	||gf||=1.4018523868e-01,	||gc||=0.0000000000e+00,	alpha=1.9723987044e-01
  5 MPGP [c] ||gp||=1.2770148544e-01,	||gf||=1.2770148544e-01,	||gc||=0.0000000000e+00,	alpha=1.9723987044e-01
  6 MPGP [c] ||gp||=8.6225619262e-02,	||gf||=8.2946988115e-02,	||gc||=2.3551105702e-02,	alpha=1.9723987044e-01
  7 MPGP [c] ||gp||=6.8998107933e-02,	||gf||=5.6486390650e-02,	||gc||=3.9623560789e-02,	alpha=1.9723987044e-01
  8 MPGP [c] ||gp||=4.8301765094e-02,	||gf||=3.3307175895e-02,	||gc||=3.4981317087e-02,	alpha=1.9723987044e-01
  9 MPGP [p] ||gp||=3.1026918097e-02,	||gf||=3.1026918097e-02,	||gc||=0.0000000000e+00,	alpha=1.9723987044e-01
 10 MPGP [c] ||gp||=1.5061917952e-02,	||gf||=1.5061917952e-02,	||gc||=0.0000000000e+00,	alpha=1.9723987044e-01
 11 MPGP [c] ||gp||=1.1072793790e-02,	||gf||=1.1072793790e-02,	||gc||=0.0000000000e+00,	alpha=1.9723987044e-01
 12 MPGP [c] ||gp||=1.0486055231e-02,	||gf||=1.0486055231e-02,	||gc||=0.0000000000e+00,	alpha=1.9723987044e-01
 13 MPGP [c] ||gp||=7.0245882163e-03,	||gf||=7.0245882163e-03,	||gc||=0.0000000000e+00,	alpha=1.9723987044e-01
 14 MPGP [c] ||gp||=6.1720985910e-03,	||gf||=6.1720985910e-03,	||gc||=0.0000000000e+00,	alpha=1.9723987044e-01
 15 MPGP [c] ||gp||=4.9703488124e-03,	||gf||=4.9703488124e-03,	||gc||=0.0000000000e+00,	alpha=1.9723987044e-01
 16 MPGP [c] ||gp||=2.8194955631e-03,	||gf||=2.8194955631e-03,	||gc||=0.0000000000e+00,	alpha=1.9723987044e-01
 17 MPGP [c] ||gp||=1.7304497441e-03,	||gf||=1.7304497441e-03,	||gc||=0.0000000000e+00,	alpha=1.9723987044e-01
 18 MPGP [c] ||gp||=9.7065406981e-04,	||gf||=9.7065406981e-04,	||gc||=0.0000000000e+00,	alpha=1.9723987044e-01
 19 MPGP [c] ||gp||=6.2374005583e-04,	||gf||=6.2374005583e-04,	||gc||=0.0000000000e+00,	alpha=1.9723987044e-01
 20 MPGP [c] ||gp||=3.6979202273e-04,	||gf||=3.6979202273e-04,	||gc||=0.0000000000e+00,	alpha=1.9723987044e-01
 21 MPGP [c] ||gp||=2.4180419610e-04,	||gf||=2.4180419610e-04,	||gc||=0.0000000000e+00,	alpha=1.9723987044e-01
 22 MPGP [c] ||gp||=1.9308513855e-04,	||gf||=1.9308513855e-04,	||gc||=0.0000000000e+00,	alpha=1.9723987044e-01
 23 MPGP [c] ||gp||=1.3391801801e-04,	||gf||=1.3391801801e-04,	||gc||=0.0000000000e+00,	alpha=1.9723987044e-01
 24 MPGP [c] ||gp||=9.0926897382e-05,	||gf||=9.0926897382e-05,	||gc||=0.0000000000e+00,	alpha=1.9723987044e-01
 25 MPGP [c] ||gp||=5.9058584802e-05,	||gf||=5.9058584802e-05,	||gc||=0.0000000000e+00,	alpha=1.9723987044e-01
 26 MPGP [c] ||gp||=3.4628572342e-05,	||gf||=3.4628572342e-05,	||gc||=0.0000000000e+00,	alpha=1.9723987044e-01
 27 MPGP [c] ||gp||=1.6815201899e-05,	||gf||=1.6815201899e-05,	||gc||=0.0000000000e+00,	alpha=1.9723987044e-01
 28 MPGP [c] ||gp||=9.2810267764e-06,	||gf||=9.2810267764e-06,	||gc||=0.0000000000e+00,	alpha=1.9723987044e-01
 29 MPGP [c] ||gp||=5.6524630118e-06,	||gf||=5.6524630118e-06,	||gc||=0.0000000000e+00,	alpha=1.9723987044e-01
 30 MPGP [c] ||gp||=3.5093833777e-06,	||gf||=3.5093833777e-06,	||gc||=0.0000000000e+00,	alpha=1.9723987044e-01
 31 MPGP [c] ||gp||=2.3005455324e-06,	||gf||=2.3005455324e-06,	||gc||=0.0000000000e+00,	alpha=1.9723987044e-01
 32 MPGP [c] ||gp||=1.4583712629e-06,	||gf||=1.4583712629e-06,	||gc||=0.0000000000e+00,	alpha=1.9723987044e-01
 33 MPGP [c] ||gp||=8.0294096496e-07,	||gf||=8.0294096496e-07,	||gc||=0.0000000000e+00,	alpha=1.9723987044e-01
 34 MPGP [c] ||gp||=4.0461431874e-07,	||gf||=4.0461431874e-07,	||gc||=0.0000000000e+00,	alpha=1.9723987044e-01
QPS Object: 2 MPI processes
  type: mpgp
  last QPSSolve CONVERGED due to CONVERGED_RTOL, KSPReason=2, required 34 iterations
  all 1 QPSSolves from last QPSReset/QPSResetStatistics have required 34 iterations
  tolerances: rtol=1.0e-06, abstol=1.0e-08, dtol=1.0e+04, maxits=10000
  mpgp specific:
    from the last QPSReset:
    number of Hessian multiplications 35
    number of CG steps 31
    number of expansion steps 0
    number of proportioning steps 3
Norm of difference of results from TAO and QP = 1.689794e-07 <= 6.303904e-06 = tolerance
