
---- Journal Bearing Problem SHB-----
mx: 10,  my: 16,  ecc: 0.1 

TAO tolerances are gatol = 1.000000e-08, grtol =  1.000000e-50, gttol = 1.000000e-06
Setting PERMON rtol = gttol, atol = gatol
QPS Object: 2 MPI processes
  type: tao
  last QPSSolve CONVERGED due to CONVERGED_RTOL, KSPReason=2, required 61 iterations
  all 1 QPSSolves from last QPSReset/QPSResetStatistics have required 61 iterations
  tolerances: rtol=1.0e-06, abstol=1.0e-08, dtol=1.0e+04, maxits=10000
  tao specific:
    TaoType: blmvm
    Number of KSP iterations in last iteration: 0
    Total number of KSP iterations: 0
    Information about last TAOSolve:
      Tao Object: (qps_) 2 MPI processes
        type: blmvm
        Gradient steps: 0
        Mat Object: (qps_tao_blmvm_) 2 MPI processes
          type: lmvmbfgs
          rows=160, cols=160
            Scale type: DIAGONAL
            Scale history: 1
            Scale params: alpha=1., beta=0.5, rho=1.
            Convex factors: phi=0., theta=0.125
            Max. storage: 5
            Used storage: 5
            Number of updates: 60
            Number of rejects: 0
            Number of resets: 1
            Mat Object: (qps_tao_blmvm_J0_) 2 MPI processes
              type: lmvmdiagbroyden
              rows=160, cols=160
                Scale history: 1
                Scale params: alpha=1., beta=0.5, rho=1.
                Convex factor: theta=0.125
                Max. storage: 1
                Used storage: 1
                Number of updates: 60
                Number of rejects: 0
                Number of resets: 1
        TaoLineSearch Object: (qps_) 2 MPI processes
          type: more-thuente
          maximum function evaluations=30
          tolerances: ftol=0.0001, rtol=1e-10, gtol=0.9
          total number of function evaluations=0
          total number of gradient evaluations=0
          total number of function/gradient evaluations=2
          using variable bounds
          Termination reason: 1
        Active Set subset type: subvec
        convergence tolerances: gatol=1e-08,         steptol=0.,         gttol=0.
        Residual in Function/Gradient:=6.29109e-07
        Objective value=-0.182408
        total number of iterations=61,                                (max: 2000)
        total number of function/gradient evaluations=92,            (max: 4000)
        Solution converged:          User Terminated
Norm of difference of results from TAO and QP = 4.517815e-07 <= 6.303904e-06 = tolerance
